{"URL":"/api/v1/register","level":"info","method":"POST","msg":"got request","remote_addr":"[::1]:55686","request_id":"dd0bfd66-662b-43fb-a035-f83ea96925ea","time":"Sat, 13 Apr 2024 02:04:35 MSK"}
{"URL":"/api/v1/register","api_error":"invalid password","error":"invalid password: len(password) \u003e= 6","level":"error","method":"POST","msg":"got error, serving api_error","remote_addr":"[::1]:55686","request_id":"dd0bfd66-662b-43fb-a035-f83ea96925ea","status":400,"time":"Sat, 13 Apr 2024 02:04:35 MSK"}
{"URL":"/api/v1/register","level":"info","method":"POST","msg":"working time","remote_addr":"[::1]:55686","request_id":"dd0bfd66-662b-43fb-a035-f83ea96925ea","time":"Sat, 13 Apr 2024 02:04:35 MSK","working_time":"5.1255ms"}
{"URL":"/api/v1/register","level":"info","method":"POST","msg":"got request","remote_addr":"[::1]:57300","request_id":"cb49a6b0-442f-497f-be8d-af666214b1c4","time":"Sat, 13 Apr 2024 02:05:21 MSK"}
{"URL":"/api/v1/register","api_error":"invalid password: len(password) \u003e= 6","error":"invalid password: len(password) \u003e= 6","level":"error","method":"POST","msg":"got error, serving api_error","remote_addr":"[::1]:57300","request_id":"cb49a6b0-442f-497f-be8d-af666214b1c4","status":400,"time":"Sat, 13 Apr 2024 02:05:21 MSK"}
{"URL":"/api/v1/register","level":"info","method":"POST","msg":"working time","remote_addr":"[::1]:57300","request_id":"cb49a6b0-442f-497f-be8d-af666214b1c4","time":"Sat, 13 Apr 2024 02:05:21 MSK","working_time":"3.4799ms"}
{"URL":"/api/v1/register","level":"info","method":"POST","msg":"got request","remote_addr":"[::1]:57300","request_id":"a9d0587d-f4ee-4910-8e01-7251afa86429","time":"Sat, 13 Apr 2024 02:05:30 MSK"}
{"URL":"/api/v1/register","data":"eyJpZCI6Mywicm9sZSI6eyJuYW1lIjoiYWRtaW4ifSwidXNlcm5hbWUiOiJ2b3ZhIiwiYWNjZXNzVG9rZW4iOiJleUpoYkdjaU9pSklVekkxTmlJc0luUjVjQ0k2SWtwWFZDSjkuZXlKMWMyVnlTV1FpT2lJeklpd2lkWE5sY201aGJXVWlPaUoyYjNaaElpd2ljbTlzWlNJNkltRmtiV2x1SWl3aVpYaHdJam94TnpFek1EUTVOVEUzZlEuU1VzRjVzd2ljMlhiU0tVR0NBRGt0d3JseTI5SzJ4d0xXRDU0VVMzM3c1ayJ9","level":"info","method":"POST","msg":"serving json data","remote_addr":"[::1]:57300","request_id":"a9d0587d-f4ee-4910-8e01-7251afa86429","time":"Sat, 13 Apr 2024 02:05:30 MSK"}
{"URL":"/api/v1/register","level":"info","method":"POST","msg":"working time","remote_addr":"[::1]:57300","request_id":"a9d0587d-f4ee-4910-8e01-7251afa86429","time":"Sat, 13 Apr 2024 02:05:30 MSK","working_time":"33.011701ms"}
{"URL":"/api/v1/register","level":"info","method":"POST","msg":"got request","remote_addr":"[::1]:41626","request_id":"2a14dabe-629c-4ccf-94be-5156dfa55853","time":"Sat, 13 Apr 2024 02:08:53 MSK"}
{"URL":"/api/v1/register","data":"eyJpZCI6NCwicm9sZSI6eyJuYW1lIjoiYWRtaW4ifSwidXNlcm5hbWUiOiJ2b3ZhIiwiYWNjZXNzVG9rZW4iOiJleUpoYkdjaU9pSklVekkxTmlJc0luUjVjQ0k2SWtwWFZDSjkuZXlKMWMyVnlTV1FpT2lJMElpd2lkWE5sY201aGJXVWlPaUoyYjNaaElpd2ljbTlzWlNJNkltRmtiV2x1SWl3aVpYaHdJam94TnpFek1EUTVOekExZlEuazZaQURSdlA4NndwY3AxVDdpSjM1bnJncjdSbm1JSzRmX0dUNk8zeTR5cyJ9","level":"info","method":"POST","msg":"serving json data","remote_addr":"[::1]:41626","request_id":"2a14dabe-629c-4ccf-94be-5156dfa55853","time":"Sat, 13 Apr 2024 02:08:53 MSK"}
{"URL":"/api/v1/register","level":"info","method":"POST","msg":"working time","remote_addr":"[::1]:41626","request_id":"2a14dabe-629c-4ccf-94be-5156dfa55853","time":"Sat, 13 Apr 2024 02:08:53 MSK","working_time":"7.966501ms"}
{"URL":"/api/v1/register","level":"info","method":"POST","msg":"got request","remote_addr":"[::1]:36856","request_id":"72ee1be7-d948-4e69-97e2-a62d2cbaa4fc","time":"Sat, 13 Apr 2024 02:09:32 MSK"}
{"URL":"/api/v1/register","data":"eyJpZCI6NSwicm9sZSI6eyJuYW1lIjoiYWRtaW4ifSwidXNlcm5hbWUiOiJ2b3ZhIiwiYWNjZXNzVG9rZW4iOiJleUpoYkdjaU9pSklVekkxTmlJc0luUjVjQ0k2SWtwWFZDSjkuZXlKMWMyVnlTV1FpT2lJMUlpd2lkWE5sY201aGJXVWlPaUoyYjNaaElpd2ljbTlzWlNJNkltRmtiV2x1SWl3aVpYaHdJam94TnpFek1EUTVOell6ZlEuMUZldHJqUE1XN0tiRXctb18xdlF6aWFNUG1pSi1WaUU2UWRHWnpBZHo3WSJ9","level":"info","method":"POST","msg":"serving json data","remote_addr":"[::1]:36856","request_id":"72ee1be7-d948-4e69-97e2-a62d2cbaa4fc","time":"Sat, 13 Apr 2024 02:09:32 MSK"}
{"URL":"/api/v1/register","level":"info","method":"POST","msg":"working time","remote_addr":"[::1]:36856","request_id":"72ee1be7-d948-4e69-97e2-a62d2cbaa4fc","time":"Sat, 13 Apr 2024 02:09:32 MSK","working_time":"6.7955ms"}
{"URL":"/api/v1/register","level":"info","method":"POST","msg":"got request","remote_addr":"[::1]:51746","request_id":"b1e16ede-3bc7-4034-837a-b32837b7b323","time":"Sat, 13 Apr 2024 02:10:10 MSK"}
{"URL":"/api/v1/register","data":"eyJpZCI6Niwicm9sZSI6eyJuYW1lIjoiYWRtaW4ifSwidXNlcm5hbWUiOiJ2b3ZhIiwiYWNjZXNzVG9rZW4iOiJleUpoYkdjaU9pSklVekkxTmlJc0luUjVjQ0k2SWtwWFZDSjkuZXlKMWMyVnlTV1FpT2lJMklpd2lkWE5sY201aGJXVWlPaUoyYjNaaElpd2ljbTlzWlNJNkltRmtiV2x1SWl3aVpYaHdJam94TnpFek1EUTVPREF6ZlEuYU1SZXZ0SkFPSHFBWmxaMmNzUUEwdF9BdktvWFRvM3QtRjk1ZnAzeFlLOCJ9","level":"info","method":"POST","msg":"serving json data","remote_addr":"[::1]:51746","request_id":"b1e16ede-3bc7-4034-837a-b32837b7b323","time":"Sat, 13 Apr 2024 02:10:10 MSK"}
{"URL":"/api/v1/register","level":"info","method":"POST","msg":"working time","remote_addr":"[::1]:51746","request_id":"b1e16ede-3bc7-4034-837a-b32837b7b323","time":"Sat, 13 Apr 2024 02:10:10 MSK","working_time":"10.398703ms"}
{"URL":"/api/v1/register","level":"info","method":"POST","msg":"got request","remote_addr":"[::1]:45424","request_id":"6c347e6b-cdd5-4c58-baa8-c8100e646d74","time":"Sat, 13 Apr 2024 02:16:19 MSK"}
{"URL":"/api/v1/register","api_error":"invalid admin key","error":"invalid admin key","level":"error","method":"POST","msg":"got error, serving api_error","remote_addr":"[::1]:45424","request_id":"6c347e6b-cdd5-4c58-baa8-c8100e646d74","status":400,"time":"Sat, 13 Apr 2024 02:16:19 MSK"}
{"URL":"/api/v1/register","level":"info","method":"POST","msg":"working time","remote_addr":"[::1]:45424","request_id":"6c347e6b-cdd5-4c58-baa8-c8100e646d74","time":"Sat, 13 Apr 2024 02:16:19 MSK","working_time":"5.2951ms"}
{"URL":"/api/v1/register","level":"info","method":"POST","msg":"got request","remote_addr":"[::1]:45424","request_id":"ca2b66d2-2c17-443d-9a8c-60538a062d60","time":"Sat, 13 Apr 2024 02:16:37 MSK"}
{"URL":"/api/v1/register","data":"eyJpZCI6Nywicm9sZSI6eyJuYW1lIjoiYWRtaW4ifSwidXNlcm5hbWUiOiJ2b3ZhIiwiYWNjZXNzVG9rZW4iOiJleUpoYkdjaU9pSklVekkxTmlJc0luUjVjQ0k2SWtwWFZDSjkuZXlKMWMyVnlTV1FpT2lJM0lpd2lkWE5sY201aGJXVWlPaUoyYjNaaElpd2ljbTlzWlNJNkltRmtiV2x1SWl3aVpYaHdJam94TnpFek1EVXdNVFk0ZlEub2YteVFiQ0ZQTkRHOXlxM1Q0Q1YwV3E1SmFNaXZkVE92NFNDS1dXODU1TSJ9","level":"info","method":"POST","msg":"serving json data","remote_addr":"[::1]:45424","request_id":"ca2b66d2-2c17-443d-9a8c-60538a062d60","time":"Sat, 13 Apr 2024 02:16:37 MSK"}
{"URL":"/api/v1/register","level":"info","method":"POST","msg":"working time","remote_addr":"[::1]:45424","request_id":"ca2b66d2-2c17-443d-9a8c-60538a062d60","time":"Sat, 13 Apr 2024 02:16:37 MSK","working_time":"35.038894ms"}
{"URL":"/api/v1/register","level":"info","method":"POST","msg":"got request","remote_addr":"[::1]:48258","request_id":"fde5f7f3-a38f-44c5-917f-34bbc1ee4a06","time":"Sat, 13 Apr 2024 02:20:37 MSK"}
{"URL":"/api/v1/register","data":"eyJpZCI6OCwicm9sZSI6eyJpZCI6MSwibmFtZSI6ImFkbWluIn0sInVzZXJuYW1lIjoidm92YSIsImFjY2Vzc1Rva2VuIjoiZXlKaGJHY2lPaUpJVXpJMU5pSXNJblI1Y0NJNklrcFhWQ0o5LmV5SjFjMlZ5U1dRaU9pSTRJaXdpZFhObGNtNWhiV1VpT2lKMmIzWmhJaXdpY205c1pTSTZJbUZrYldsdUlpd2laWGh3SWpveE56RXpNRFV3TkRNd2ZRLjB6dVZPdTQ4Rk43N3U2WjdYOUdNbGNwYUQzZ2FNQ2FQeTd2Ums5RjVwdzQifQ==","level":"info","method":"POST","msg":"serving json data","remote_addr":"[::1]:48258","request_id":"fde5f7f3-a38f-44c5-917f-34bbc1ee4a06","time":"Sat, 13 Apr 2024 02:20:37 MSK"}
{"URL":"/api/v1/register","level":"info","method":"POST","msg":"working time","remote_addr":"[::1]:48258","request_id":"fde5f7f3-a38f-44c5-917f-34bbc1ee4a06","time":"Sat, 13 Apr 2024 02:20:37 MSK","working_time":"7.579101ms"}
